{"sessionId": "160669", "hypothesisId": "H1", "location": "main.py:middleware", "message": "request_headers", "data": {"method": "POST", "path": "/auth/login", "auth_header": "MISSING", "has_auth": false}, "timestamp": 1782150205350}
{"sessionId": "160669", "hypothesisId": "H1", "location": "main.py:middleware", "message": "request_headers", "data": {"method": "GET", "path": "/habits/today", "auth_header": "Bearer eyJhbGciOiJIUzI1NiIsInR5cCI6IkpXV", "has_auth": true}, "timestamp": 1782150205590}
{"sessionId": "160669", "hypothesisId": "H1", "location": "auth.py:get_current_user", "message": "token_received", "data": {"token_prefix": "eyJhbGciOiJIUzI1NiIsInR5cCI6Ik", "secret_key_prefix": "change-me-"}, "timestamp": 1782150205591}
{"sessionId": "160669", "hypothesisId": "H3", "location": "auth.py:get_current_user", "message": "jwt_decoded_ok", "data": {"sub": 5, "payload_keys": ["sub", "exp"]}, "timestamp": 1782150205591}
{"sessionId": "160669", "hypothesisId": "H3", "location": "auth.py:get_current_user", "message": "auth_ok", "data": {"user_id": 5, "user_name": "Ana Beatriz"}, "timestamp": 1782150205593}
{"sessionId": "160669", "hypothesisId": "H1", "location": "main.py:middleware", "message": "request_headers", "data": {"method": "POST", "path": "/habits/", "auth_header": "Bearer eyJhbGciOiJIUzI1NiIsInR5cCI6IkpXV", "has_auth": true}, "timestamp": 1782150215484}
{"sessionId": "160669", "hypothesisId": "H1", "location": "auth.py:get_current_user", "message": "token_received", "data": {"token_prefix": "eyJhbGciOiJIUzI1NiIsInR5cCI6Ik", "secret_key_prefix": "change-me-"}, "timestamp": 1782150215485}
{"sessionId": "160669", "hypothesisId": "H3", "location": "auth.py:get_current_user", "message": "jwt_decoded_ok", "data": {"sub": 5, "payload_keys": ["sub", "exp"]}, "timestamp": 1782150215485}
{"sessionId": "160669", "hypothesisId": "H3", "location": "auth.py:get_current_user", "message": "auth_ok", "data": {"user_id": 5, "user_name": "Ana Beatriz"}, "timestamp": 1782150215487}
{"sessionId": "160669", "hypothesisId": "H1", "location": "main.py:middleware", "message": "request_headers", "data": {"method": "GET", "path": "/habits/today", "auth_header": "Bearer eyJhbGciOiJIUzI1NiIsInR5cCI6IkpXV", "has_auth": true}, "timestamp": 1782150220221}
{"sessionId": "160669", "hypothesisId": "H1", "location": "auth.py:get_current_user", "message": "token_received", "data": {"token_prefix": "eyJhbGciOiJIUzI1NiIsInR5cCI6Ik", "secret_key_prefix": "change-me-"}, "timestamp": 1782150220222}
{"sessionId": "160669", "hypothesisId": "H3", "location": "auth.py:get_current_user", "message": "jwt_decoded_ok", "data": {"sub": 5, "payload_keys": ["sub", "exp"]}, "timestamp": 1782150220222}
{"sessionId": "160669", "hypothesisId": "H3", "location": "auth.py:get_current_user", "message": "auth_ok", "data": {"user_id": 5, "user_name": "Ana Beatriz"}, "timestamp": 1782150220223}
{"sessionId": "160669", "hypothesisId": "H1", "location": "main.py:middleware", "message": "request_headers", "data": {"method": "OPTIONS", "path": "/habits/4/checkin", "auth_header": "MISSING", "has_auth": false}, "timestamp": 1782150221822}
{"sessionId": "160669", "hypothesisId": "H1", "location": "main.py:middleware", "message": "request_headers", "data": {"method": "POST", "path": "/habits/4/checkin", "auth_header": "Bearer eyJhbGciOiJIUzI1NiIsInR5cCI6IkpXV", "has_auth": true}, "timestamp": 1782150221826}
{"sessionId": "160669", "hypothesisId": "H1", "location": "auth.py:get_current_user", "message": "token_received", "data": {"token_prefix": "eyJhbGciOiJIUzI1NiIsInR5cCI6Ik", "secret_key_prefix": "change-me-"}, "timestamp": 1782150221827}
{"sessionId": "160669", "hypothesisId": "H3", "location": "auth.py:get_current_user", "message": "jwt_decoded_ok", "data": {"sub": 5, "payload_keys": ["sub", "exp"]}, "timestamp": 1782150221827}
{"sessionId": "160669", "hypothesisId": "H3", "location": "auth.py:get_current_user", "message": "auth_ok", "data": {"user_id": 5, "user_name": "Ana Beatriz"}, "timestamp": 1782150221828}
{"sessionId": "160669", "hypothesisId": "H1", "location": "main.py:middleware", "message": "request_headers", "data": {"method": "OPTIONS", "path": "/achievements/", "auth_header": "MISSING", "has_auth": false}, "timestamp": 1782150226397}
{"sessionId": "160669", "hypothesisId": "H1", "location": "main.py:middleware", "message": "request_headers", "data": {"method": "GET", "path": "/achievements/", "auth_header": "Bearer eyJhbGciOiJIUzI1NiIsInR5cCI6IkpXV", "has_auth": true}, "timestamp": 1782150226406}
{"sessionId": "160669", "hypothesisId": "H1", "location": "auth.py:get_current_user", "message": "token_received", "data": {"token_prefix": "eyJhbGciOiJIUzI1NiIsInR5cCI6Ik", "secret_key_prefix": "change-me-"}, "timestamp": 1782150226407}
{"sessionId": "160669", "hypothesisId": "H3", "location": "auth.py:get_current_user", "message": "jwt_decoded_ok", "data": {"sub": 5, "payload_keys": ["sub", "exp"]}, "timestamp": 1782150226407}
{"sessionId": "160669", "hypothesisId": "H3", "location": "auth.py:get_current_user", "message": "auth_ok", "data": {"user_id": 5, "user_name": "Ana Beatriz"}, "timestamp": 1782150226408}
{"sessionId": "160669", "hypothesisId": "H1", "location": "main.py:middleware", "message": "request_headers", "data": {"method": "GET", "path": "/habits/", "auth_header": "Bearer eyJhbGciOiJIUzI1NiIsInR5cCI6IkpXV", "has_auth": true}, "timestamp": 1782150228229}
{"sessionId": "160669", "hypothesisId": "H1", "location": "auth.py:get_current_user", "message": "token_received", "data": {"token_prefix": "eyJhbGciOiJIUzI1NiIsInR5cCI6Ik", "secret_key_prefix": "change-me-"}, "timestamp": 1782150228230}
{"sessionId": "160669", "hypothesisId": "H3", "location": "auth.py:get_current_user", "message": "jwt_decoded_ok", "data": {"sub": 5, "payload_keys": ["sub", "exp"]}, "timestamp": 1782150228230}
{"sessionId": "160669", "hypothesisId": "H1", "location": "main.py:middleware", "message": "request_headers", "data": {"method": "GET", "path": "/achievements/", "auth_header": "Bearer eyJhbGciOiJIUzI1NiIsInR5cCI6IkpXV", "has_auth": true}, "timestamp": 1782150228231}
{"sessionId": "160669", "hypothesisId": "H3", "location": "auth.py:get_current_user", "message": "auth_ok", "data": {"user_id": 5, "user_name": "Ana Beatriz"}, "timestamp": 1782150228232}
{"sessionId": "160669", "hypothesisId": "H1", "location": "auth.py:get_current_user", "message": "token_received", "data": {"token_prefix": "eyJhbGciOiJIUzI1NiIsInR5cCI6Ik", "secret_key_prefix": "change-me-"}, "timestamp": 1782150228233}
{"sessionId": "160669", "hypothesisId": "H3", "location": "auth.py:get_current_user", "message": "jwt_decoded_ok", "data": {"sub": 5, "payload_keys": ["sub", "exp"]}, "timestamp": 1782150228233}
{"sessionId": "160669", "hypothesisId": "H3", "location": "auth.py:get_current_user", "message": "auth_ok", "data": {"user_id": 5, "user_name": "Ana Beatriz"}, "timestamp": 1782150228239}
{"sessionId": "160669", "hypothesisId": "H1", "location": "main.py:middleware", "message": "request_headers", "data": {"method": "OPTIONS", "path": "/auth/register", "auth_header": "MISSING", "has_auth": false}, "timestamp": 1782150306648}
{"sessionId": "160669", "hypothesisId": "H1", "location": "main.py:middleware", "message": "request_headers", "data": {"method": "POST", "path": "/auth/register", "auth_header": "MISSING", "has_auth": false}, "timestamp": 1782150306652}
{"sessionId": "160669", "hypothesisId": "H1", "location": "main.py:middleware", "message": "request_headers", "data": {"method": "GET", "path": "/habits/today", "auth_header": "Bearer eyJhbGciOiJIUzI1NiIsInR5cCI6IkpXV", "has_auth": true}, "timestamp": 1782150306878}
{"sessionId": "160669", "hypothesisId": "H1", "location": "auth.py:get_current_user", "message": "token_received", "data": {"token_prefix": "eyJhbGciOiJIUzI1NiIsInR5cCI6Ik", "secret_key_prefix": "change-me-"}, "timestamp": 1782150306878}
{"sessionId": "160669", "hypothesisId": "H3", "location": "auth.py:get_current_user", "message": "jwt_decoded_ok", "data": {"sub": 6, "payload_keys": ["sub", "exp"]}, "timestamp": 1782150306879}
{"sessionId": "160669", "hypothesisId": "H3", "location": "auth.py:get_current_user", "message": "auth_ok", "data": {"user_id": 6, "user_name": "Jos\u00e9 Silva"}, "timestamp": 1782150306879}
{"sessionId": "160669", "hypothesisId": "H1", "location": "main.py:middleware", "message": "request_headers", "data": {"method": "GET", "path": "/habits/", "auth_header": "Bearer eyJhbGciOiJIUzI1NiIsInR5cCI6IkpXV", "has_auth": true}, "timestamp": 1782150308524}
{"sessionId": "160669", "hypothesisId": "H1", "location": "auth.py:get_current_user", "message": "token_received", "data": {"token_prefix": "eyJhbGciOiJIUzI1NiIsInR5cCI6Ik", "secret_key_prefix": "change-me-"}, "timestamp": 1782150308524}
{"sessionId": "160669", "hypothesisId": "H3", "location": "auth.py:get_current_user", "message": "jwt_decoded_ok", "data": {"sub": 6, "payload_keys": ["sub", "exp"]}, "timestamp": 1782150308525}
{"sessionId": "160669", "hypothesisId": "H3", "location": "auth.py:get_current_user", "message": "auth_ok", "data": {"user_id": 6, "user_name": "Jos\u00e9 Silva"}, "timestamp": 1782150308526}
{"sessionId": "160669", "hypothesisId": "H1", "location": "main.py:middleware", "message": "request_headers", "data": {"method": "GET", "path": "/achievements/", "auth_header": "Bearer eyJhbGciOiJIUzI1NiIsInR5cCI6IkpXV", "has_auth": true}, "timestamp": 1782150308526}
{"sessionId": "160669", "hypothesisId": "H1", "location": "auth.py:get_current_user", "message": "token_received", "data": {"token_prefix": "eyJhbGciOiJIUzI1NiIsInR5cCI6Ik", "secret_key_prefix": "change-me-"}, "timestamp": 1782150308527}
{"sessionId": "160669", "hypothesisId": "H3", "location": "auth.py:get_current_user", "message": "jwt_decoded_ok", "data": {"sub": 6, "payload_keys": ["sub", "exp"]}, "timestamp": 1782150308528}
{"sessionId": "160669", "hypothesisId": "H3", "location": "auth.py:get_current_user", "message": "auth_ok", "data": {"user_id": 6, "user_name": "Jos\u00e9 Silva"}, "timestamp": 1782150308529}
{"sessionId": "160669", "hypothesisId": "H1", "location": "main.py:middleware", "message": "request_headers", "data": {"method": "GET", "path": "/achievements/", "auth_header": "Bearer eyJhbGciOiJIUzI1NiIsInR5cCI6IkpXV", "has_auth": true}, "timestamp": 1782150316782}
{"sessionId": "160669", "hypothesisId": "H1", "location": "auth.py:get_current_user", "message": "token_received", "data": {"token_prefix": "eyJhbGciOiJIUzI1NiIsInR5cCI6Ik", "secret_key_prefix": "change-me-"}, "timestamp": 1782150316784}
{"sessionId": "160669", "hypothesisId": "H3", "location": "auth.py:get_current_user", "message": "jwt_decoded_ok", "data": {"sub": 6, "payload_keys": ["sub", "exp"]}, "timestamp": 1782150316784}
{"sessionId": "160669", "hypothesisId": "H3", "location": "auth.py:get_current_user", "message": "auth_ok", "data": {"user_id": 6, "user_name": "Jos\u00e9 Silva"}, "timestamp": 1782150316785}
{"sessionId": "160669", "hypothesisId": "H1", "location": "main.py:middleware", "message": "request_headers", "data": {"method": "POST", "path": "/habits/", "auth_header": "Bearer eyJhbGciOiJIUzI1NiIsInR5cCI6IkpXV", "has_auth": true}, "timestamp": 1782150341067}
{"sessionId": "160669", "hypothesisId": "H1", "location": "auth.py:get_current_user", "message": "token_received", "data": {"token_prefix": "eyJhbGciOiJIUzI1NiIsInR5cCI6Ik", "secret_key_prefix": "change-me-"}, "timestamp": 1782150341068}
{"sessionId": "160669", "hypothesisId": "H3", "location": "auth.py:get_current_user", "message": "jwt_decoded_ok", "data": {"sub": 6, "payload_keys": ["sub", "exp"]}, "timestamp": 1782150341068}
{"sessionId": "160669", "hypothesisId": "H3", "location": "auth.py:get_current_user", "message": "auth_ok", "data": {"user_id": 6, "user_name": "Jos\u00e9 Silva"}, "timestamp": 1782150341069}
{"sessionId": "160669", "hypothesisId": "H1", "location": "main.py:middleware", "message": "request_headers", "data": {"method": "GET", "path": "/habits/today", "auth_header": "Bearer eyJhbGciOiJIUzI1NiIsInR5cCI6IkpXV", "has_auth": true}, "timestamp": 1782150346120}
{"sessionId": "160669", "hypothesisId": "H1", "location": "auth.py:get_current_user", "message": "token_received", "data": {"token_prefix": "eyJhbGciOiJIUzI1NiIsInR5cCI6Ik", "secret_key_prefix": "change-me-"}, "timestamp": 1782150346121}
{"sessionId": "160669", "hypothesisId": "H3", "location": "auth.py:get_current_user", "message": "jwt_decoded_ok", "data": {"sub": 6, "payload_keys": ["sub", "exp"]}, "timestamp": 1782150346121}
{"sessionId": "160669", "hypothesisId": "H3", "location": "auth.py:get_current_user", "message": "auth_ok", "data": {"user_id": 6, "user_name": "Jos\u00e9 Silva"}, "timestamp": 1782150346122}
{"sessionId": "160669", "hypothesisId": "H1", "location": "main.py:middleware", "message": "request_headers", "data": {"method": "OPTIONS", "path": "/habits/5/checkin", "auth_header": "MISSING", "has_auth": false}, "timestamp": 1782150347683}
{"sessionId": "160669", "hypothesisId": "H1", "location": "main.py:middleware", "message": "request_headers", "data": {"method": "POST", "path": "/habits/5/checkin", "auth_header": "Bearer eyJhbGciOiJIUzI1NiIsInR5cCI6IkpXV", "has_auth": true}, "timestamp": 1782150347687}
{"sessionId": "160669", "hypothesisId": "H1", "location": "auth.py:get_current_user", "message": "token_received", "data": {"token_prefix": "eyJhbGciOiJIUzI1NiIsInR5cCI6Ik", "secret_key_prefix": "change-me-"}, "timestamp": 1782150347688}
{"sessionId": "160669", "hypothesisId": "H3", "location": "auth.py:get_current_user", "message": "jwt_decoded_ok", "data": {"sub": 6, "payload_keys": ["sub", "exp"]}, "timestamp": 1782150347688}
{"sessionId": "160669", "hypothesisId": "H3", "location": "auth.py:get_current_user", "message": "auth_ok", "data": {"user_id": 6, "user_name": "Jos\u00e9 Silva"}, "timestamp": 1782150347689}
{"sessionId": "160669", "hypothesisId": "H1", "location": "main.py:middleware", "message": "request_headers", "data": {"method": "GET", "path": "/achievements/", "auth_header": "Bearer eyJhbGciOiJIUzI1NiIsInR5cCI6IkpXV", "has_auth": true}, "timestamp": 1782150349740}
{"sessionId": "160669", "hypothesisId": "H1", "location": "auth.py:get_current_user", "message": "token_received", "data": {"token_prefix": "eyJhbGciOiJIUzI1NiIsInR5cCI6Ik", "secret_key_prefix": "change-me-"}, "timestamp": 1782150349740}
{"sessionId": "160669", "hypothesisId": "H3", "location": "auth.py:get_current_user", "message": "jwt_decoded_ok", "data": {"sub": 6, "payload_keys": ["sub", "exp"]}, "timestamp": 1782150349741}
{"sessionId": "160669", "hypothesisId": "H3", "location": "auth.py:get_current_user", "message": "auth_ok", "data": {"user_id": 6, "user_name": "Jos\u00e9 Silva"}, "timestamp": 1782150349742}
{"sessionId": "160669", "hypothesisId": "H1", "location": "main.py:middleware", "message": "request_headers", "data": {"method": "POST", "path": "/auth/register", "auth_header": "MISSING", "has_auth": false}, "timestamp": 1782150745654}
{"sessionId": "160669", "hypothesisId": "H1", "location": "main.py:middleware", "message": "request_headers", "data": {"method": "OPTIONS", "path": "/habits/today", "auth_header": "MISSING", "has_auth": false}, "timestamp": 1782150745885}
{"sessionId": "160669", "hypothesisId": "H1", "location": "main.py:middleware", "message": "request_headers", "data": {"method": "GET", "path": "/habits/today", "auth_header": "Bearer eyJhbGciOiJIUzI1NiIsInR5cCI6IkpXV", "has_auth": true}, "timestamp": 1782150745892}
{"sessionId": "160669", "hypothesisId": "H1", "location": "auth.py:get_current_user", "message": "token_received", "data": {"token_prefix": "eyJhbGciOiJIUzI1NiIsInR5cCI6Ik", "secret_key_prefix": "change-me-"}, "timestamp": 1782150745893}
{"sessionId": "160669", "hypothesisId": "H3", "location": "auth.py:get_current_user", "message": "jwt_decoded_ok", "data": {"sub": 7, "payload_keys": ["sub", "exp"]}, "timestamp": 1782150745893}
{"sessionId": "160669", "hypothesisId": "H3", "location": "auth.py:get_current_user", "message": "auth_ok", "data": {"user_id": 7, "user_name": "Yosef Hanz"}, "timestamp": 1782150745894}
{"sessionId": "160669", "hypothesisId": "H1", "location": "main.py:middleware", "message": "request_headers", "data": {"method": "OPTIONS", "path": "/habits/", "auth_header": "MISSING", "has_auth": false}, "timestamp": 1782150747522}
{"sessionId": "160669", "hypothesisId": "H1", "location": "main.py:middleware", "message": "request_headers", "data": {"method": "GET", "path": "/achievements/", "auth_header": "Bearer eyJhbGciOiJIUzI1NiIsInR5cCI6IkpXV", "has_auth": true}, "timestamp": 1782150747528}
{"sessionId": "160669", "hypothesisId": "H1", "location": "main.py:middleware", "message": "request_headers", "data": {"method": "GET", "path": "/habits/", "auth_header": "Bearer eyJhbGciOiJIUzI1NiIsInR5cCI6IkpXV", "has_auth": true}, "timestamp": 1782150747529}
{"sessionId": "160669", "hypothesisId": "H1", "location": "auth.py:get_current_user", "message": "token_received", "data": {"token_prefix": "eyJhbGciOiJIUzI1NiIsInR5cCI6Ik", "secret_key_prefix": "change-me-"}, "timestamp": 1782150747530}
{"sessionId": "160669", "hypothesisId": "H1", "location": "auth.py:get_current_user", "message": "token_received", "data": {"token_prefix": "eyJhbGciOiJIUzI1NiIsInR5cCI6Ik", "secret_key_prefix": "change-me-"}, "timestamp": 1782150747530}
{"sessionId": "160669", "hypothesisId": "H3", "location": "auth.py:get_current_user", "message": "jwt_decoded_ok", "data": {"sub": 7, "payload_keys": ["sub", "exp"]}, "timestamp": 1782150747531}
{"sessionId": "160669", "hypothesisId": "H3", "location": "auth.py:get_current_user", "message": "jwt_decoded_ok", "data": {"sub": 7, "payload_keys": ["sub", "exp"]}, "timestamp": 1782150747531}
{"sessionId": "160669", "hypothesisId": "H3", "location": "auth.py:get_current_user", "message": "auth_ok", "data": {"user_id": 7, "user_name": "Yosef Hanz"}, "timestamp": 1782150747532}
{"sessionId": "160669", "hypothesisId": "H3", "location": "auth.py:get_current_user", "message": "auth_ok", "data": {"user_id": 7, "user_name": "Yosef Hanz"}, "timestamp": 1782150747532}
{"sessionId": "160669", "hypothesisId": "H1", "location": "main.py:middleware", "message": "request_headers", "data": {"method": "GET", "path": "/achievements/", "auth_header": "Bearer eyJhbGciOiJIUzI1NiIsInR5cCI6IkpXV", "has_auth": true}, "timestamp": 1782150750832}
{"sessionId": "160669", "hypothesisId": "H1", "location": "auth.py:get_current_user", "message": "token_received", "data": {"token_prefix": "eyJhbGciOiJIUzI1NiIsInR5cCI6Ik", "secret_key_prefix": "change-me-"}, "timestamp": 1782150750832}
{"sessionId": "160669", "hypothesisId": "H3", "location": "auth.py:get_current_user", "message": "jwt_decoded_ok", "data": {"sub": 7, "payload_keys": ["sub", "exp"]}, "timestamp": 1782150750833}
{"sessionId": "160669", "hypothesisId": "H3", "location": "auth.py:get_current_user", "message": "auth_ok", "data": {"user_id": 7, "user_name": "Yosef Hanz"}, "timestamp": 1782150750835}
{"sessionId": "160669", "hypothesisId": "H1", "location": "main.py:middleware", "message": "request_headers", "data": {"method": "POST", "path": "/habits/", "auth_header": "Bearer eyJhbGciOiJIUzI1NiIsInR5cCI6IkpXV", "has_auth": true}, "timestamp": 1782150776726}
{"sessionId": "160669", "hypothesisId": "H1", "location": "auth.py:get_current_user", "message": "token_received", "data": {"token_prefix": "eyJhbGciOiJIUzI1NiIsInR5cCI6Ik", "secret_key_prefix": "change-me-"}, "timestamp": 1782150776726}
{"sessionId": "160669", "hypothesisId": "H3", "location": "auth.py:get_current_user", "message": "jwt_decoded_ok", "data": {"sub": 7, "payload_keys": ["sub", "exp"]}, "timestamp": 1782150776726}
{"sessionId": "160669", "hypothesisId": "H3", "location": "auth.py:get_current_user", "message": "auth_ok", "data": {"user_id": 7, "user_name": "Yosef Hanz"}, "timestamp": 1782150776727}
{"sessionId": "160669", "hypothesisId": "H1", "location": "main.py:middleware", "message": "request_headers", "data": {"method": "GET", "path": "/habits/today", "auth_header": "Bearer eyJhbGciOiJIUzI1NiIsInR5cCI6IkpXV", "has_auth": true}, "timestamp": 1782150780083}
{"sessionId": "160669", "hypothesisId": "H1", "location": "auth.py:get_current_user", "message": "token_received", "data": {"token_prefix": "eyJhbGciOiJIUzI1NiIsInR5cCI6Ik", "secret_key_prefix": "change-me-"}, "timestamp": 1782150780084}
{"sessionId": "160669", "hypothesisId": "H3", "location": "auth.py:get_current_user", "message": "jwt_decoded_ok", "data": {"sub": 7, "payload_keys": ["sub", "exp"]}, "timestamp": 1782150780084}
{"sessionId": "160669", "hypothesisId": "H3", "location": "auth.py:get_current_user", "message": "auth_ok", "data": {"user_id": 7, "user_name": "Yosef Hanz"}, "timestamp": 1782150780085}
{"sessionId": "160669", "hypothesisId": "H1", "location": "main.py:middleware", "message": "request_headers", "data": {"method": "OPTIONS", "path": "/habits/6/checkin", "auth_header": "MISSING", "has_auth": false}, "timestamp": 1782150781444}
{"sessionId": "160669", "hypothesisId": "H1", "location": "main.py:middleware", "message": "request_headers", "data": {"method": "POST", "path": "/habits/6/checkin", "auth_header": "Bearer eyJhbGciOiJIUzI1NiIsInR5cCI6IkpXV", "has_auth": true}, "timestamp": 1782150781446}
{"sessionId": "160669", "hypothesisId": "H1", "location": "auth.py:get_current_user", "message": "token_received", "data": {"token_prefix": "eyJhbGciOiJIUzI1NiIsInR5cCI6Ik", "secret_key_prefix": "change-me-"}, "timestamp": 1782150781447}
{"sessionId": "160669", "hypothesisId": "H3", "location": "auth.py:get_current_user", "message": "jwt_decoded_ok", "data": {"sub": 7, "payload_keys": ["sub", "exp"]}, "timestamp": 1782150781447}
{"sessionId": "160669", "hypothesisId": "H3", "location": "auth.py:get_current_user", "message": "auth_ok", "data": {"user_id": 7, "user_name": "Yosef Hanz"}, "timestamp": 1782150781449}
{"sessionId": "160669", "hypothesisId": "H1", "location": "main.py:middleware", "message": "request_headers", "data": {"method": "GET", "path": "/achievements/", "auth_header": "Bearer eyJhbGciOiJIUzI1NiIsInR5cCI6IkpXV", "has_auth": true}, "timestamp": 1782150783335}
{"sessionId": "160669", "hypothesisId": "H1", "location": "auth.py:get_current_user", "message": "token_received", "data": {"token_prefix": "eyJhbGciOiJIUzI1NiIsInR5cCI6Ik", "secret_key_prefix": "change-me-"}, "timestamp": 1782150783335}
{"sessionId": "160669", "hypothesisId": "H3", "location": "auth.py:get_current_user", "message": "jwt_decoded_ok", "data": {"sub": 7, "payload_keys": ["sub", "exp"]}, "timestamp": 1782150783336}
{"sessionId": "160669", "hypothesisId": "H3", "location": "auth.py:get_current_user", "message": "auth_ok", "data": {"user_id": 7, "user_name": "Yosef Hanz"}, "timestamp": 1782150783337}
{"sessionId": "160669", "hypothesisId": "H1", "location": "main.py:middleware", "message": "request_headers", "data": {"method": "GET", "path": "/habits/", "auth_header": "Bearer eyJhbGciOiJIUzI1NiIsInR5cCI6IkpXV", "has_auth": true}, "timestamp": 1782150793514}
{"sessionId": "160669", "hypothesisId": "H1", "location": "main.py:middleware", "message": "request_headers", "data": {"method": "GET", "path": "/achievements/", "auth_header": "Bearer eyJhbGciOiJIUzI1NiIsInR5cCI6IkpXV", "has_auth": true}, "timestamp": 1782150793515}
{"sessionId": "160669", "hypothesisId": "H1", "location": "auth.py:get_current_user", "message": "token_received", "data": {"token_prefix": "eyJhbGciOiJIUzI1NiIsInR5cCI6Ik", "secret_key_prefix": "change-me-"}, "timestamp": 1782150793516}
{"sessionId": "160669", "hypothesisId": "H1", "location": "auth.py:get_current_user", "message": "token_received", "data": {"token_prefix": "eyJhbGciOiJIUzI1NiIsInR5cCI6Ik", "secret_key_prefix": "change-me-"}, "timestamp": 1782150793516}
{"sessionId": "160669", "hypothesisId": "H3", "location": "auth.py:get_current_user", "message": "jwt_decoded_ok", "data": {"sub": 7, "payload_keys": ["sub", "exp"]}, "timestamp": 1782150793516}
{"sessionId": "160669", "hypothesisId": "H3", "location": "auth.py:get_current_user", "message": "jwt_decoded_ok", "data": {"sub": 7, "payload_keys": ["sub", "exp"]}, "timestamp": 1782150793516}
{"sessionId": "160669", "hypothesisId": "H3", "location": "auth.py:get_current_user", "message": "auth_ok", "data": {"user_id": 7, "user_name": "Yosef Hanz"}, "timestamp": 1782150793517}
{"sessionId": "160669", "hypothesisId": "H3", "location": "auth.py:get_current_user", "message": "auth_ok", "data": {"user_id": 7, "user_name": "Yosef Hanz"}, "timestamp": 1782150793517}
{"sessionId": "160669", "hypothesisId": "H1", "location": "main.py:middleware", "message": "request_headers", "data": {"method": "OPTIONS", "path": "/auth/register", "auth_header": "MISSING", "has_auth": false}, "timestamp": 1782151457742}
{"sessionId": "160669", "hypothesisId": "H1", "location": "main.py:middleware", "message": "request_headers", "data": {"method": "POST", "path": "/auth/register", "auth_header": "MISSING", "has_auth": false}, "timestamp": 1782151457745}
{"sessionId": "160669", "hypothesisId": "H1", "location": "main.py:middleware", "message": "request_headers", "data": {"method": "OPTIONS", "path": "/habits/today", "auth_header": "MISSING", "has_auth": false}, "timestamp": 1782151457958}
{"sessionId": "160669", "hypothesisId": "H1", "location": "main.py:middleware", "message": "request_headers", "data": {"method": "GET", "path": "/habits/today", "auth_header": "Bearer eyJhbGciOiJIUzI1NiIsInR5cCI6IkpXV", "has_auth": true}, "timestamp": 1782151457961}
{"sessionId": "160669", "hypothesisId": "H1", "location": "auth.py:get_current_user", "message": "token_received", "data": {"token_prefix": "eyJhbGciOiJIUzI1NiIsInR5cCI6Ik", "secret_key_prefix": "change-me-"}, "timestamp": 1782151457961}
{"sessionId": "160669", "hypothesisId": "H3", "location": "auth.py:get_current_user", "message": "jwt_decoded_ok", "data": {"sub": 8, "payload_keys": ["sub", "exp"]}, "timestamp": 1782151457961}
{"sessionId": "160669", "hypothesisId": "H3", "location": "auth.py:get_current_user", "message": "auth_ok", "data": {"user_id": 8, "user_name": "Julia Akemi"}, "timestamp": 1782151457962}
{"sessionId": "160669", "hypothesisId": "H1", "location": "main.py:middleware", "message": "request_headers", "data": {"method": "OPTIONS", "path": "/habits/", "auth_header": "MISSING", "has_auth": false}, "timestamp": 1782151460131}
{"sessionId": "160669", "hypothesisId": "H1", "location": "main.py:middleware", "message": "request_headers", "data": {"method": "OPTIONS", "path": "/achievements/", "auth_header": "MISSING", "has_auth": false}, "timestamp": 1782151460131}
{"sessionId": "160669", "hypothesisId": "H1", "location": "main.py:middleware", "message": "request_headers", "data": {"method": "GET", "path": "/habits/", "auth_header": "Bearer eyJhbGciOiJIUzI1NiIsInR5cCI6IkpXV", "has_auth": true}, "timestamp": 1782151460136}
{"sessionId": "160669", "hypothesisId": "H1", "location": "main.py:middleware", "message": "request_headers", "data": {"method": "GET", "path": "/achievements/", "auth_header": "Bearer eyJhbGciOiJIUzI1NiIsInR5cCI6IkpXV", "has_auth": true}, "timestamp": 1782151460136}
{"sessionId": "160669", "hypothesisId": "H1", "location": "auth.py:get_current_user", "message": "token_received", "data": {"token_prefix": "eyJhbGciOiJIUzI1NiIsInR5cCI6Ik", "secret_key_prefix": "change-me-"}, "timestamp": 1782151460137}
{"sessionId": "160669", "hypothesisId": "H1", "location": "auth.py:get_current_user", "message": "token_received", "data": {"token_prefix": "eyJhbGciOiJIUzI1NiIsInR5cCI6Ik", "secret_key_prefix": "change-me-"}, "timestamp": 1782151460137}
{"sessionId": "160669", "hypothesisId": "H3", "location": "auth.py:get_current_user", "message": "jwt_decoded_ok", "data": {"sub": 8, "payload_keys": ["sub", "exp"]}, "timestamp": 1782151460137}
{"sessionId": "160669", "hypothesisId": "H3", "location": "auth.py:get_current_user", "message": "jwt_decoded_ok", "data": {"sub": 8, "payload_keys": ["sub", "exp"]}, "timestamp": 1782151460137}
{"sessionId": "160669", "hypothesisId": "H3", "location": "auth.py:get_current_user", "message": "auth_ok", "data": {"user_id": 8, "user_name": "Julia Akemi"}, "timestamp": 1782151460139}
{"sessionId": "160669", "hypothesisId": "H3", "location": "auth.py:get_current_user", "message": "auth_ok", "data": {"user_id": 8, "user_name": "Julia Akemi"}, "timestamp": 1782151460139}
{"sessionId": "160669", "hypothesisId": "H1", "location": "main.py:middleware", "message": "request_headers", "data": {"method": "GET", "path": "/achievements/", "auth_header": "Bearer eyJhbGciOiJIUzI1NiIsInR5cCI6IkpXV", "has_auth": true}, "timestamp": 1782151463962}
{"sessionId": "160669", "hypothesisId": "H1", "location": "auth.py:get_current_user", "message": "token_received", "data": {"token_prefix": "eyJhbGciOiJIUzI1NiIsInR5cCI6Ik", "secret_key_prefix": "change-me-"}, "timestamp": 1782151463963}
{"sessionId": "160669", "hypothesisId": "H3", "location": "auth.py:get_current_user", "message": "jwt_decoded_ok", "data": {"sub": 8, "payload_keys": ["sub", "exp"]}, "timestamp": 1782151463963}
{"sessionId": "160669", "hypothesisId": "H3", "location": "auth.py:get_current_user", "message": "auth_ok", "data": {"user_id": 8, "user_name": "Julia Akemi"}, "timestamp": 1782151463964}
{"sessionId": "160669", "hypothesisId": "H1", "location": "main.py:middleware", "message": "request_headers", "data": {"method": "POST", "path": "/habits/", "auth_header": "Bearer eyJhbGciOiJIUzI1NiIsInR5cCI6IkpXV", "has_auth": true}, "timestamp": 1782151497238}
{"sessionId": "160669", "hypothesisId": "H1", "location": "auth.py:get_current_user", "message": "token_received", "data": {"token_prefix": "eyJhbGciOiJIUzI1NiIsInR5cCI6Ik", "secret_key_prefix": "change-me-"}, "timestamp": 1782151497239}
{"sessionId": "160669", "hypothesisId": "H3", "location": "auth.py:get_current_user", "message": "jwt_decoded_ok", "data": {"sub": 8, "payload_keys": ["sub", "exp"]}, "timestamp": 1782151497239}
{"sessionId": "160669", "hypothesisId": "H3", "location": "auth.py:get_current_user", "message": "auth_ok", "data": {"user_id": 8, "user_name": "Julia Akemi"}, "timestamp": 1782151497240}
{"sessionId": "160669", "hypothesisId": "H1", "location": "main.py:middleware", "message": "request_headers", "data": {"method": "GET", "path": "/habits/today", "auth_header": "Bearer eyJhbGciOiJIUzI1NiIsInR5cCI6IkpXV", "has_auth": true}, "timestamp": 1782151500428}
{"sessionId": "160669", "hypothesisId": "H1", "location": "auth.py:get_current_user", "message": "token_received", "data": {"token_prefix": "eyJhbGciOiJIUzI1NiIsInR5cCI6Ik", "secret_key_prefix": "change-me-"}, "timestamp": 1782151500428}
{"sessionId": "160669", "hypothesisId": "H3", "location": "auth.py:get_current_user", "message": "jwt_decoded_ok", "data": {"sub": 8, "payload_keys": ["sub", "exp"]}, "timestamp": 1782151500429}
{"sessionId": "160669", "hypothesisId": "H3", "location": "auth.py:get_current_user", "message": "auth_ok", "data": {"user_id": 8, "user_name": "Julia Akemi"}, "timestamp": 1782151500430}
{"sessionId": "160669", "hypothesisId": "H1", "location": "main.py:middleware", "message": "request_headers", "data": {"method": "OPTIONS", "path": "/auth/login", "auth_header": "MISSING", "has_auth": false}, "timestamp": 1782151529939}
{"sessionId": "160669", "hypothesisId": "H1", "location": "main.py:middleware", "message": "request_headers", "data": {"method": "POST", "path": "/auth/login", "auth_header": "MISSING", "has_auth": false}, "timestamp": 1782151529941}
{"sessionId": "160669", "hypothesisId": "H1", "location": "main.py:middleware", "message": "request_headers", "data": {"method": "GET", "path": "/habits/today", "auth_header": "Bearer eyJhbGciOiJIUzI1NiIsInR5cCI6IkpXV", "has_auth": true}, "timestamp": 1782151530143}
{"sessionId": "160669", "hypothesisId": "H1", "location": "auth.py:get_current_user", "message": "token_received", "data": {"token_prefix": "eyJhbGciOiJIUzI1NiIsInR5cCI6Ik", "secret_key_prefix": "change-me-"}, "timestamp": 1782151530144}
{"sessionId": "160669", "hypothesisId": "H3", "location": "auth.py:get_current_user", "message": "jwt_decoded_ok", "data": {"sub": 5, "payload_keys": ["sub", "exp"]}, "timestamp": 1782151530144}
{"sessionId": "160669", "hypothesisId": "H3", "location": "auth.py:get_current_user", "message": "auth_ok", "data": {"user_id": 5, "user_name": "Ana Beatriz"}, "timestamp": 1782151530145}
{"sessionId": "160669", "hypothesisId": "H1", "location": "main.py:middleware", "message": "request_headers", "data": {"method": "POST", "path": "/auth/login", "auth_header": "MISSING", "has_auth": false}, "timestamp": 1782151558621}
{"sessionId": "160669", "hypothesisId": "H1", "location": "main.py:middleware", "message": "request_headers", "data": {"method": "GET", "path": "/habits/today", "auth_header": "Bearer eyJhbGciOiJIUzI1NiIsInR5cCI6IkpXV", "has_auth": true}, "timestamp": 1782151558819}
{"sessionId": "160669", "hypothesisId": "H1", "location": "auth.py:get_current_user", "message": "token_received", "data": {"token_prefix": "eyJhbGciOiJIUzI1NiIsInR5cCI6Ik", "secret_key_prefix": "change-me-"}, "timestamp": 1782151558819}
{"sessionId": "160669", "hypothesisId": "H3", "location": "auth.py:get_current_user", "message": "jwt_decoded_ok", "data": {"sub": 5, "payload_keys": ["sub", "exp"]}, "timestamp": 1782151558820}
{"sessionId": "160669", "hypothesisId": "H3", "location": "auth.py:get_current_user", "message": "auth_ok", "data": {"user_id": 5, "user_name": "Ana Beatriz"}, "timestamp": 1782151558821}
{"sessionId": "160669", "hypothesisId": "H1", "location": "main.py:middleware", "message": "request_headers", "data": {"method": "GET", "path": "/habits/", "auth_header": "Bearer eyJhbGciOiJIUzI1NiIsInR5cCI6IkpXV", "has_auth": true}, "timestamp": 1782151561490}
{"sessionId": "160669", "hypothesisId": "H1", "location": "main.py:middleware", "message": "request_headers", "data": {"method": "GET", "path": "/achievements/", "auth_header": "Bearer eyJhbGciOiJIUzI1NiIsInR5cCI6IkpXV", "has_auth": true}, "timestamp": 1782151561490}
{"sessionId": "160669", "hypothesisId": "H1", "location": "auth.py:get_current_user", "message": "token_received", "data": {"token_prefix": "eyJhbGciOiJIUzI1NiIsInR5cCI6Ik", "secret_key_prefix": "change-me-"}, "timestamp": 1782151561491}
{"sessionId": "160669", "hypothesisId": "H1", "location": "auth.py:get_current_user", "message": "token_received", "data": {"token_prefix": "eyJhbGciOiJIUzI1NiIsInR5cCI6Ik", "secret_key_prefix": "change-me-"}, "timestamp": 1782151561491}
{"sessionId": "160669", "hypothesisId": "H3", "location": "auth.py:get_current_user", "message": "jwt_decoded_ok", "data": {"sub": 5, "payload_keys": ["sub", "exp"]}, "timestamp": 1782151561492}
{"sessionId": "160669", "hypothesisId": "H3", "location": "auth.py:get_current_user", "message": "jwt_decoded_ok", "data": {"sub": 5, "payload_keys": ["sub", "exp"]}, "timestamp": 1782151561492}
{"sessionId": "160669", "hypothesisId": "H3", "location": "auth.py:get_current_user", "message": "auth_ok", "data": {"user_id": 5, "user_name": "Ana Beatriz"}, "timestamp": 1782151561493}
{"sessionId": "160669", "hypothesisId": "H3", "location": "auth.py:get_current_user", "message": "auth_ok", "data": {"user_id": 5, "user_name": "Ana Beatriz"}, "timestamp": 1782151561493}
{"sessionId": "160669", "hypothesisId": "H1", "location": "main.py:middleware", "message": "request_headers", "data": {"method": "GET", "path": "/achievements/", "auth_header": "Bearer eyJhbGciOiJIUzI1NiIsInR5cCI6IkpXV", "has_auth": true}, "timestamp": 1782151564392}
{"sessionId": "160669", "hypothesisId": "H1", "location": "auth.py:get_current_user", "message": "token_received", "data": {"token_prefix": "eyJhbGciOiJIUzI1NiIsInR5cCI6Ik", "secret_key_prefix": "change-me-"}, "timestamp": 1782151564393}
{"sessionId": "160669", "hypothesisId": "H3", "location": "auth.py:get_current_user", "message": "jwt_decoded_ok", "data": {"sub": 5, "payload_keys": ["sub", "exp"]}, "timestamp": 1782151564394}
{"sessionId": "160669", "hypothesisId": "H3", "location": "auth.py:get_current_user", "message": "auth_ok", "data": {"user_id": 5, "user_name": "Ana Beatriz"}, "timestamp": 1782151564396}
{"sessionId": "160669", "hypothesisId": "H1", "location": "main.py:middleware", "message": "request_headers", "data": {"method": "GET", "path": "/habits/today", "auth_header": "Bearer eyJhbGciOiJIUzI1NiIsInR5cCI6IkpXV", "has_auth": true}, "timestamp": 1782151567232}
{"sessionId": "160669", "hypothesisId": "H1", "location": "auth.py:get_current_user", "message": "token_received", "data": {"token_prefix": "eyJhbGciOiJIUzI1NiIsInR5cCI6Ik", "secret_key_prefix": "change-me-"}, "timestamp": 1782151567232}
{"sessionId": "160669", "hypothesisId": "H3", "location": "auth.py:get_current_user", "message": "jwt_decoded_ok", "data": {"sub": 5, "payload_keys": ["sub", "exp"]}, "timestamp": 1782151567232}
{"sessionId": "160669", "hypothesisId": "H3", "location": "auth.py:get_current_user", "message": "auth_ok", "data": {"user_id": 5, "user_name": "Ana Beatriz"}, "timestamp": 1782151567233}
{"sessionId": "160669", "hypothesisId": "H1", "location": "main.py:middleware", "message": "request_headers", "data": {"method": "POST", "path": "/habits/", "auth_header": "Bearer eyJhbGciOiJIUzI1NiIsInR5cCI6IkpXV", "has_auth": true}, "timestamp": 1782151584090}
{"sessionId": "160669", "hypothesisId": "H1", "location": "auth.py:get_current_user", "message": "token_received", "data": {"token_prefix": "eyJhbGciOiJIUzI1NiIsInR5cCI6Ik", "secret_key_prefix": "change-me-"}, "timestamp": 1782151584090}
{"sessionId": "160669", "hypothesisId": "H3", "location": "auth.py:get_current_user", "message": "jwt_decoded_ok", "data": {"sub": 5, "payload_keys": ["sub", "exp"]}, "timestamp": 1782151584091}
{"sessionId": "160669", "hypothesisId": "H3", "location": "auth.py:get_current_user", "message": "auth_ok", "data": {"user_id": 5, "user_name": "Ana Beatriz"}, "timestamp": 1782151584091}
{"sessionId": "160669", "hypothesisId": "H1", "location": "main.py:middleware", "message": "request_headers", "data": {"method": "GET", "path": "/habits/today", "auth_header": "Bearer eyJhbGciOiJIUzI1NiIsInR5cCI6IkpXV", "has_auth": true}, "timestamp": 1782151586536}
{"sessionId": "160669", "hypothesisId": "H1", "location": "auth.py:get_current_user", "message": "token_received", "data": {"token_prefix": "eyJhbGciOiJIUzI1NiIsInR5cCI6Ik", "secret_key_prefix": "change-me-"}, "timestamp": 1782151586537}
{"sessionId": "160669", "hypothesisId": "H3", "location": "auth.py:get_current_user", "message": "jwt_decoded_ok", "data": {"sub": 5, "payload_keys": ["sub", "exp"]}, "timestamp": 1782151586537}
{"sessionId": "160669", "hypothesisId": "H3", "location": "auth.py:get_current_user", "message": "auth_ok", "data": {"user_id": 5, "user_name": "Ana Beatriz"}, "timestamp": 1782151586538}
{"sessionId": "160669", "hypothesisId": "H1", "location": "main.py:middleware", "message": "request_headers", "data": {"method": "GET", "path": "/habits/", "auth_header": "Bearer eyJhbGciOiJIUzI1NiIsInR5cCI6IkpXV", "has_auth": true}, "timestamp": 1782151609054}
{"sessionId": "160669", "hypothesisId": "H1", "location": "auth.py:get_current_user", "message": "token_received", "data": {"token_prefix": "eyJhbGciOiJIUzI1NiIsInR5cCI6Ik", "secret_key_prefix": "change-me-"}, "timestamp": 1782151609055}
{"sessionId": "160669", "hypothesisId": "H3", "location": "auth.py:get_current_user", "message": "jwt_decoded_ok", "data": {"sub": 5, "payload_keys": ["sub", "exp"]}, "timestamp": 1782151609055}
{"sessionId": "160669", "hypothesisId": "H3", "location": "auth.py:get_current_user", "message": "auth_ok", "data": {"user_id": 5, "user_name": "Ana Beatriz"}, "timestamp": 1782151609057}
{"sessionId": "160669", "hypothesisId": "H1", "location": "main.py:middleware", "message": "request_headers", "data": {"method": "GET", "path": "/achievements/", "auth_header": "Bearer eyJhbGciOiJIUzI1NiIsInR5cCI6IkpXV", "has_auth": true}, "timestamp": 1782151609061}
{"sessionId": "160669", "hypothesisId": "H1", "location": "auth.py:get_current_user", "message": "token_received", "data": {"token_prefix": "eyJhbGciOiJIUzI1NiIsInR5cCI6Ik", "secret_key_prefix": "change-me-"}, "timestamp": 1782151609062}
{"sessionId": "160669", "hypothesisId": "H3", "location": "auth.py:get_current_user", "message": "jwt_decoded_ok", "data": {"sub": 5, "payload_keys": ["sub", "exp"]}, "timestamp": 1782151609062}
{"sessionId": "160669", "hypothesisId": "H3", "location": "auth.py:get_current_user", "message": "auth_ok", "data": {"user_id": 5, "user_name": "Ana Beatriz"}, "timestamp": 1782151609063}
{"sessionId": "160669", "hypothesisId": "H1", "location": "main.py:middleware", "message": "request_headers", "data": {"method": "POST", "path": "/auth/login", "auth_header": "MISSING", "has_auth": false}, "timestamp": 1782151632310}
{"sessionId": "160669", "hypothesisId": "H1", "location": "main.py:middleware", "message": "request_headers", "data": {"method": "GET", "path": "/habits/today", "auth_header": "Bearer eyJhbGciOiJIUzI1NiIsInR5cCI6IkpXV", "has_auth": true}, "timestamp": 1782151632505}
{"sessionId": "160669", "hypothesisId": "H1", "location": "auth.py:get_current_user", "message": "token_received", "data": {"token_prefix": "eyJhbGciOiJIUzI1NiIsInR5cCI6Ik", "secret_key_prefix": "change-me-"}, "timestamp": 1782151632505}
{"sessionId": "160669", "hypothesisId": "H3", "location": "auth.py:get_current_user", "message": "jwt_decoded_ok", "data": {"sub": 5, "payload_keys": ["sub", "exp"]}, "timestamp": 1782151632505}
{"sessionId": "160669", "hypothesisId": "H3", "location": "auth.py:get_current_user", "message": "auth_ok", "data": {"user_id": 5, "user_name": "Ana Beatriz"}, "timestamp": 1782151632506}
{"sessionId": "160669", "hypothesisId": "H1", "location": "main.py:middleware", "message": "request_headers", "data": {"method": "GET", "path": "/habits/", "auth_header": "Bearer eyJhbGciOiJIUzI1NiIsInR5cCI6IkpXV", "has_auth": true}, "timestamp": 1782151635619}
{"sessionId": "160669", "hypothesisId": "H1", "location": "main.py:middleware", "message": "request_headers", "data": {"method": "GET", "path": "/achievements/", "auth_header": "Bearer eyJhbGciOiJIUzI1NiIsInR5cCI6IkpXV", "has_auth": true}, "timestamp": 1782151635620}
{"sessionId": "160669", "hypothesisId": "H1", "location": "auth.py:get_current_user", "message": "token_received", "data": {"token_prefix": "eyJhbGciOiJIUzI1NiIsInR5cCI6Ik", "secret_key_prefix": "change-me-"}, "timestamp": 1782151635622}
{"sessionId": "160669", "hypothesisId": "H1", "location": "auth.py:get_current_user", "message": "token_received", "data": {"token_prefix": "eyJhbGciOiJIUzI1NiIsInR5cCI6Ik", "secret_key_prefix": "change-me-"}, "timestamp": 1782151635622}
{"sessionId": "160669", "hypothesisId": "H3", "location": "auth.py:get_current_user", "message": "jwt_decoded_ok", "data": {"sub": 5, "payload_keys": ["sub", "exp"]}, "timestamp": 1782151635622}
{"sessionId": "160669", "hypothesisId": "H3", "location": "auth.py:get_current_user", "message": "jwt_decoded_ok", "data": {"sub": 5, "payload_keys": ["sub", "exp"]}, "timestamp": 1782151635622}
{"sessionId": "160669", "hypothesisId": "H3", "location": "auth.py:get_current_user", "message": "auth_ok", "data": {"user_id": 5, "user_name": "Ana Beatriz"}, "timestamp": 1782151635623}
{"sessionId": "160669", "hypothesisId": "H3", "location": "auth.py:get_current_user", "message": "auth_ok", "data": {"user_id": 5, "user_name": "Ana Beatriz"}, "timestamp": 1782151635623}
{"sessionId": "160669", "hypothesisId": "H1", "location": "main.py:middleware", "message": "request_headers", "data": {"method": "GET", "path": "/achievements/", "auth_header": "Bearer eyJhbGciOiJIUzI1NiIsInR5cCI6IkpXV", "has_auth": true}, "timestamp": 1782151639110}
{"sessionId": "160669", "hypothesisId": "H1", "location": "auth.py:get_current_user", "message": "token_received", "data": {"token_prefix": "eyJhbGciOiJIUzI1NiIsInR5cCI6Ik", "secret_key_prefix": "change-me-"}, "timestamp": 1782151639111}
{"sessionId": "160669", "hypothesisId": "H3", "location": "auth.py:get_current_user", "message": "jwt_decoded_ok", "data": {"sub": 5, "payload_keys": ["sub", "exp"]}, "timestamp": 1782151639112}
{"sessionId": "160669", "hypothesisId": "H3", "location": "auth.py:get_current_user", "message": "auth_ok", "data": {"user_id": 5, "user_name": "Ana Beatriz"}, "timestamp": 1782151639113}
{"sessionId": "160669", "hypothesisId": "H1", "location": "main.py:middleware", "message": "request_headers", "data": {"method": "GET", "path": "/habits/", "auth_header": "Bearer eyJhbGciOiJIUzI1NiIsInR5cCI6IkpXV", "has_auth": true}, "timestamp": 1782151682542}
{"sessionId": "160669", "hypothesisId": "H1", "location": "main.py:middleware", "message": "request_headers", "data": {"method": "GET", "path": "/achievements/", "auth_header": "Bearer eyJhbGciOiJIUzI1NiIsInR5cCI6IkpXV", "has_auth": true}, "timestamp": 1782151682542}
{"sessionId": "160669", "hypothesisId": "H1", "location": "auth.py:get_current_user", "message": "token_received", "data": {"token_prefix": "eyJhbGciOiJIUzI1NiIsInR5cCI6Ik", "secret_key_prefix": "change-me-"}, "timestamp": 1782151682543}
{"sessionId": "160669", "hypothesisId": "H1", "location": "auth.py:get_current_user", "message": "token_received", "data": {"token_prefix": "eyJhbGciOiJIUzI1NiIsInR5cCI6Ik", "secret_key_prefix": "change-me-"}, "timestamp": 1782151682543}
{"sessionId": "160669", "hypothesisId": "H3", "location": "auth.py:get_current_user", "message": "jwt_decoded_ok", "data": {"sub": 5, "payload_keys": ["sub", "exp"]}, "timestamp": 1782151682543}
{"sessionId": "160669", "hypothesisId": "H3", "location": "auth.py:get_current_user", "message": "jwt_decoded_ok", "data": {"sub": 5, "payload_keys": ["sub", "exp"]}, "timestamp": 1782151682543}
{"sessionId": "160669", "hypothesisId": "H3", "location": "auth.py:get_current_user", "message": "auth_ok", "data": {"user_id": 5, "user_name": "Ana Beatriz"}, "timestamp": 1782151682545}
{"sessionId": "160669", "hypothesisId": "H3", "location": "auth.py:get_current_user", "message": "auth_ok", "data": {"user_id": 5, "user_name": "Ana Beatriz"}, "timestamp": 1782151682546}
{"sessionId": "160669", "hypothesisId": "H1", "location": "main.py:middleware", "message": "request_headers", "data": {"method": "GET", "path": "/habits/", "auth_header": "Bearer eyJhbGciOiJIUzI1NiIsInR5cCI6IkpXV", "has_auth": true}, "timestamp": 1782151722214}
{"sessionId": "160669", "hypothesisId": "H1", "location": "main.py:middleware", "message": "request_headers", "data": {"method": "GET", "path": "/achievements/", "auth_header": "Bearer eyJhbGciOiJIUzI1NiIsInR5cCI6IkpXV", "has_auth": true}, "timestamp": 1782151722215}
{"sessionId": "160669", "hypothesisId": "H1", "location": "auth.py:get_current_user", "message": "token_received", "data": {"token_prefix": "eyJhbGciOiJIUzI1NiIsInR5cCI6Ik", "secret_key_prefix": "change-me-"}, "timestamp": 1782151722216}
{"sessionId": "160669", "hypothesisId": "H1", "location": "auth.py:get_current_user", "message": "token_received", "data": {"token_prefix": "eyJhbGciOiJIUzI1NiIsInR5cCI6Ik", "secret_key_prefix": "change-me-"}, "timestamp": 1782151722216}
{"sessionId": "160669", "hypothesisId": "H3", "location": "auth.py:get_current_user", "message": "jwt_decoded_ok", "data": {"sub": 5, "payload_keys": ["sub", "exp"]}, "timestamp": 1782151722216}
{"sessionId": "160669", "hypothesisId": "H3", "location": "auth.py:get_current_user", "message": "jwt_decoded_ok", "data": {"sub": 5, "payload_keys": ["sub", "exp"]}, "timestamp": 1782151722216}
{"sessionId": "160669", "hypothesisId": "H3", "location": "auth.py:get_current_user", "message": "auth_ok", "data": {"user_id": 5, "user_name": "Ana Beatriz"}, "timestamp": 1782151722218}
{"sessionId": "160669", "hypothesisId": "H3", "location": "auth.py:get_current_user", "message": "auth_ok", "data": {"user_id": 5, "user_name": "Ana Beatriz"}, "timestamp": 1782151722218}
{"sessionId": "160669", "hypothesisId": "H1", "location": "main.py:middleware", "message": "request_headers", "data": {"method": "GET", "path": "/achievements/", "auth_header": "Bearer eyJhbGciOiJIUzI1NiIsInR5cCI6IkpXV", "has_auth": true}, "timestamp": 1782151728087}
{"sessionId": "160669", "hypothesisId": "H1", "location": "auth.py:get_current_user", "message": "token_received", "data": {"token_prefix": "eyJhbGciOiJIUzI1NiIsInR5cCI6Ik", "secret_key_prefix": "change-me-"}, "timestamp": 1782151728087}
{"sessionId": "160669", "hypothesisId": "H3", "location": "auth.py:get_current_user", "message": "jwt_decoded_ok", "data": {"sub": 5, "payload_keys": ["sub", "exp"]}, "timestamp": 1782151728088}
{"sessionId": "160669", "hypothesisId": "H3", "location": "auth.py:get_current_user", "message": "auth_ok", "data": {"user_id": 5, "user_name": "Ana Beatriz"}, "timestamp": 1782151728088}
